
*** Running xst
    with args -ifn "mojo_top_0.xst" -ofn "mojo_top_0.srp" -intstyle ise

Reading design: mojo_top_0.prj

=========================================================================
*                          HDL Parsing                                  *
=========================================================================
Analyzing Verilog file "D:/Github/CS_ALU/alu/work/planAhead/alu/alu.srcs/sources_1/imports/verilog/shifter_7.v" into library work
Parsing module <shifter_7>.
Analyzing Verilog file "D:/Github/CS_ALU/alu/work/planAhead/alu/alu.srcs/sources_1/imports/verilog/compare_6.v" into library work
Parsing module <compare_6>.
Analyzing Verilog file "D:/Github/CS_ALU/alu/work/planAhead/alu/alu.srcs/sources_1/imports/verilog/boolean_5.v" into library work
Parsing module <boolean_5>.
Analyzing Verilog file "D:/Github/CS_ALU/alu/work/planAhead/alu/alu.srcs/sources_1/imports/verilog/adder_4.v" into library work
Parsing module <adder_4>.
Analyzing Verilog file "D:/Github/CS_ALU/alu/work/planAhead/alu/alu.srcs/sources_1/imports/verilog/alu_3.v" into library work
Parsing module <alu_3>.
Analyzing Verilog file "D:/Github/CS_ALU/alu/work/planAhead/alu/alu.srcs/sources_1/imports/verilog/test_2.v" into library work
Parsing module <test_2>.
Analyzing Verilog file "D:/Github/CS_ALU/alu/work/planAhead/alu/alu.srcs/sources_1/imports/verilog/reset_conditioner_1.v" into library work
Parsing module <reset_conditioner_1>.
Analyzing Verilog file "D:/Github/CS_ALU/alu/work/planAhead/alu/alu.srcs/sources_1/imports/verilog/mojo_top_0.v" into library work
Parsing module <mojo_top_0>.

=========================================================================
*                            HDL Elaboration                            *
=========================================================================

Elaborating module <mojo_top_0>.

Elaborating module <reset_conditioner_1>.

Elaborating module <test_2>.

Elaborating module <alu_3>.

Elaborating module <adder_4>.

Elaborating module <boolean_5>.

Elaborating module <compare_6>.

Elaborating module <shifter_7>.

=========================================================================
*                           HDL Synthesis                               *
=========================================================================

Synthesizing Unit <mojo_top_0>.
    Related source file is "D:/Github/CS_ALU/alu/work/planAhead/alu/alu.srcs/sources_1/imports/verilog/mojo_top_0.v".
WARNING:Xst:647 - Input <io_button> is never used. This port will be preserved and left unconnected if it belongs to a top-level block or it belongs to a sub-block and the hierarchy of this sub-block is preserved.
WARNING:Xst:647 - Input <io_dip<23:1>> is never used. This port will be preserved and left unconnected if it belongs to a top-level block or it belongs to a sub-block and the hierarchy of this sub-block is preserved.
WARNING:Xst:647 - Input <cclk> is never used. This port will be preserved and left unconnected if it belongs to a top-level block or it belongs to a sub-block and the hierarchy of this sub-block is preserved.
WARNING:Xst:647 - Input <spi_ss> is never used. This port will be preserved and left unconnected if it belongs to a top-level block or it belongs to a sub-block and the hierarchy of this sub-block is preserved.
WARNING:Xst:647 - Input <spi_mosi> is never used. This port will be preserved and left unconnected if it belongs to a top-level block or it belongs to a sub-block and the hierarchy of this sub-block is preserved.
WARNING:Xst:647 - Input <spi_sck> is never used. This port will be preserved and left unconnected if it belongs to a top-level block or it belongs to a sub-block and the hierarchy of this sub-block is preserved.
WARNING:Xst:647 - Input <avr_tx> is never used. This port will be preserved and left unconnected if it belongs to a top-level block or it belongs to a sub-block and the hierarchy of this sub-block is preserved.
WARNING:Xst:647 - Input <avr_rx_busy> is never used. This port will be preserved and left unconnected if it belongs to a top-level block or it belongs to a sub-block and the hierarchy of this sub-block is preserved.
    Found 24-bit register for signal <M_counter_q>.
    Found 24-bit adder for signal <M_counter_d> created at line 70.
    Found 1-bit tristate buffer for signal <spi_miso> created at line 50
    Found 1-bit tristate buffer for signal <spi_channel<3>> created at line 50
    Found 1-bit tristate buffer for signal <spi_channel<2>> created at line 50
    Found 1-bit tristate buffer for signal <spi_channel<1>> created at line 50
    Found 1-bit tristate buffer for signal <spi_channel<0>> created at line 50
    Found 1-bit tristate buffer for signal <avr_rx> created at line 50
    Summary:
	inferred   1 Adder/Subtractor(s).
	inferred  24 D-type flip-flop(s).
	inferred   1 Multiplexer(s).
	inferred   6 Tristate(s).
Unit <mojo_top_0> synthesized.

Synthesizing Unit <reset_conditioner_1>.
    Related source file is "D:/Github/CS_ALU/alu/work/planAhead/alu/alu.srcs/sources_1/imports/verilog/reset_conditioner_1.v".
    Found 4-bit register for signal <M_stage_q>.
    Summary:
	inferred   4 D-type flip-flop(s).
Unit <reset_conditioner_1> synthesized.

Synthesizing Unit <test_2>.
    Related source file is "D:/Github/CS_ALU/alu/work/planAhead/alu/alu.srcs/sources_1/imports/verilog/test_2.v".
    Found 5-bit register for signal <M_state_q>.
    Found finite state machine <FSM_0> for signal <M_state_q>.
    -----------------------------------------------------------------------
    | States             | 23                                             |
    | Transitions        | 66                                             |
    | Inputs             | 16                                             |
    | Outputs            | 26                                             |
    | Clock              | clk (rising_edge)                              |
    | Reset              | rst (positive)                                 |
    | Reset type         | synchronous                                    |
    | Reset State        | 00000                                          |
    | Power Up State     | 00000                                          |
    | Encoding           | auto                                           |
    | Implementation     | LUT                                            |
    -----------------------------------------------------------------------
    Summary:
	inferred   1 Finite State Machine(s).
Unit <test_2> synthesized.

Synthesizing Unit <alu_3>.
    Related source file is "D:/Github/CS_ALU/alu/work/planAhead/alu/alu.srcs/sources_1/imports/verilog/alu_3.v".
    Found 16-bit 4-to-1 multiplexer for signal <out> created at line 56.
    Summary:
	inferred   1 Multiplexer(s).
Unit <alu_3> synthesized.

Synthesizing Unit <adder_4>.
    Related source file is "D:/Github/CS_ALU/alu/work/planAhead/alu/alu.srcs/sources_1/imports/verilog/adder_4.v".
    Found 16-bit subtractor for signal <a[15]_b[15]_sub_2_OUT> created at line 24.
    Found 16-bit adder for signal <a[15]_b[15]_add_0_OUT> created at line 21.
    Found 16x16-bit multiplier for signal <n0010> created at line 27.
    Found 16-bit 4-to-1 multiplexer for signal <sum> created at line 19.
    Summary:
	inferred   1 Multiplier(s).
	inferred   1 Adder/Subtractor(s).
	inferred   2 Multiplexer(s).
Unit <adder_4> synthesized.

Synthesizing Unit <boolean_5>.
    Related source file is "D:/Github/CS_ALU/alu/work/planAhead/alu/alu.srcs/sources_1/imports/verilog/boolean_5.v".
    Summary:
Unit <boolean_5> synthesized.

Synthesizing Unit <compare_6>.
    Related source file is "D:/Github/CS_ALU/alu/work/planAhead/alu/alu.srcs/sources_1/imports/verilog/compare_6.v".
    Found 16-bit 4-to-1 multiplexer for signal <cmp> created at line 19.
    Found 16-bit comparator equal for signal <a[15]_b[15]_equal_1_o> created at line 21
    Found 16-bit comparator greater for signal <a[15]_b[15]_LessThan_2_o> created at line 24
    Found 16-bit comparator lessequal for signal <n0002> created at line 27
    Summary:
	inferred   3 Comparator(s).
	inferred   1 Multiplexer(s).
Unit <compare_6> synthesized.

Synthesizing Unit <shifter_7>.
    Related source file is "D:/Github/CS_ALU/alu/work/planAhead/alu/alu.srcs/sources_1/imports/verilog/shifter_7.v".
WARNING:Xst:647 - Input <b<15:4>> is never used. This port will be preserved and left unconnected if it belongs to a top-level block or it belongs to a sub-block and the hierarchy of this sub-block is preserved.
    Found 16-bit shifter logical left for signal <a[15]_b[3]_shift_left_0_OUT> created at line 21
    Found 16-bit shifter logical right for signal <a[15]_b[3]_shift_right_1_OUT> created at line 24
    Found 16-bit shifter arithmetic right for signal <a[15]_b[3]_shift_right_2_OUT> created at line 27
    Found 16-bit 4-to-1 multiplexer for signal <ashifted> created at line 19.
    Summary:
	inferred   1 Multiplexer(s).
	inferred   3 Combinational logic shifter(s).
Unit <shifter_7> synthesized.

=========================================================================
HDL Synthesis Report

Macro Statistics
# Multipliers                                          : 1
 16x16-bit multiplier                                  : 1
# Adders/Subtractors                                   : 2
 16-bit addsub                                         : 1
 24-bit adder                                          : 1
# Registers                                            : 2
 24-bit register                                       : 1
 4-bit register                                        : 1
# Comparators                                          : 3
 16-bit comparator equal                               : 1
 16-bit comparator greater                             : 1
 16-bit comparator lessequal                           : 1
# Multiplexers                                         : 6
 16-bit 2-to-1 multiplexer                             : 2
 16-bit 4-to-1 multiplexer                             : 3
 24-bit 2-to-1 multiplexer                             : 1
# Logic shifters                                       : 3
 16-bit shifter arithmetic right                       : 1
 16-bit shifter logical left                           : 1
 16-bit shifter logical right                          : 1
# Tristates                                            : 6
 1-bit tristate buffer                                 : 6
# FSMs                                                 : 1
# Xors                                                 : 16
 1-bit xor2                                            : 16

=========================================================================
INFO:Xst:1767 - HDL ADVISOR - Resource sharing has identified that some arithmetic operations in this design can share the same physical resources for reduced device utilization. For improved clock frequency you may try to disable resource sharing.

=========================================================================
*                       Advanced HDL Synthesis                          *
=========================================================================


Synthesizing (advanced) Unit <mojo_top_0>.
The following registers are absorbed into counter <M_counter_q>: 1 register on signal <M_counter_q>.
Unit <mojo_top_0> synthesized (advanced).

=========================================================================
Advanced HDL Synthesis Report

Macro Statistics
# Multipliers                                          : 1
 16x16-bit multiplier                                  : 1
# Adders/Subtractors                                   : 1
 16-bit addsub                                         : 1
# Counters                                             : 1
 24-bit up counter                                     : 1
# Registers                                            : 4
 Flip-Flops                                            : 4
# Comparators                                          : 3
 16-bit comparator equal                               : 1
 16-bit comparator greater                             : 1
 16-bit comparator lessequal                           : 1
# Multiplexers                                         : 6
 16-bit 2-to-1 multiplexer                             : 2
 16-bit 4-to-1 multiplexer                             : 3
 24-bit 2-to-1 multiplexer                             : 1
# Logic shifters                                       : 3
 16-bit shifter arithmetic right                       : 1
 16-bit shifter logical left                           : 1
 16-bit shifter logical right                          : 1
# FSMs                                                 : 1
# Xors                                                 : 16
 1-bit xor2                                            : 16

=========================================================================

=========================================================================
*                         Low Level Synthesis                           *
=========================================================================
Analyzing FSM <MFsm> for best encoding.
Optimizing FSM <test/FSM_0> on signal <M_state_q[1:5]> with gray encoding.
-------------------
 State | Encoding
-------------------
 00000 | 00000
 00001 | 00001
 00010 | 00011
 00011 | 00010
 00100 | 00110
 00101 | 00111
 00110 | 00101
 00111 | 00100
 01000 | 01100
 01001 | 01101
 01010 | 01111
 01011 | 01110
 01100 | 01010
 01101 | 01011
 01110 | 01001
 01111 | 01000
 10000 | 11000
 10001 | 11001
 10010 | 11011
 10011 | 11010
 10100 | 11110
 10101 | 11111
 10110 | 11101
-------------------

Optimizing unit <mojo_top_0> ...

Optimizing unit <test_2> ...

Mapping all equations...
Building and optimizing final netlist ...
Found area constraint ratio of 100 (+ 0) on block mojo_top_0, actual ratio is 1.
FlipFlop test/M_state_q_FSM_FFd1 has been replicated 2 time(s)
FlipFlop test/M_state_q_FSM_FFd2 has been replicated 2 time(s)
FlipFlop test/M_state_q_FSM_FFd3 has been replicated 2 time(s)
FlipFlop test/M_state_q_FSM_FFd4 has been replicated 1 time(s)
FlipFlop test/M_state_q_FSM_FFd5 has been replicated 2 time(s)

Final Macro Processing ...

Processing Unit <mojo_top_0> :
INFO:Xst:741 - HDL ADVISOR - A 4-bit shift register was found for signal <reset_cond/M_stage_q_3> and currently occupies 4 logic cells (2 slices). Removing the set/reset logic would take advantage of SRL32 (and derived) primitives and reduce this to 1 logic cells (1 slices). Evaluate if the set/reset can be removed for this simple shift register. The majority of simple pipeline structures do not need to be set/reset operationally.
Unit <mojo_top_0> processed.

=========================================================================
Final Register Report

Macro Statistics
# Registers                                            : 42
 Flip-Flops                                            : 42

=========================================================================

=========================================================================
*                           Partition Report                            *
=========================================================================

Partition Implementation Status
-------------------------------

  No Partitions were found in this design.

-------------------------------

=========================================================================
*                            Design Summary                             *
=========================================================================

Clock Information:
------------------
-----------------------------------+------------------------+-------+
Clock Signal                       | Clock buffer(FF name)  | Load  |
-----------------------------------+------------------------+-------+
clk                                | BUFGP                  | 42    |
-----------------------------------+------------------------+-------+

Asynchronous Control Signals Information:
----------------------------------------
No asynchronous control signals found in this design

Timing Summary:
---------------
Speed Grade: -2

   Minimum period: 9.137ns (Maximum Frequency: 109.445MHz)
   Minimum input arrival time before clock: 3.526ns
   Maximum output required time after clock: 6.272ns
   Maximum combinational path delay: No path found

=========================================================================
